{"error":"this.validateDateTime is not a function","level":"error","message":"Time slot availability check failed","timestamp":"2024-12-29 23:11:51"}
{"error":"BookingService.getAvailableSlots is not a function","level":"error","message":"Failed to retrieve available slots","timestamp":"2024-12-29 23:13:05"}
{"error":"BookingService.getAvailableSlots is not a function","level":"error","message":"Failed to retrieve available slots","timestamp":"2024-12-29 23:13:05"}
{"error":"BookingService.getAvailableSlots is not a function","level":"error","message":"Failed to retrieve available slots","timestamp":"2024-12-29 23:13:11"}
{"error":"BookingService.getAvailableSlots is not a function","level":"error","message":"Failed to retrieve available slots","timestamp":"2024-12-29 23:13:11"}
{"error":"Unsupported service type: undefined","level":"error","message":"Time slot availability check failed","timestamp":"2024-12-29 23:13:28"}
{"error":"Service type is required","level":"error","message":"Failed to retrieve available slots","timestamp":"2024-12-29 23:14:36"}
{"error":"Service type is required","level":"error","message":"Failed to retrieve available slots","timestamp":"2024-12-29 23:14:36"}
{"error":"Unsupported service type: undefined","level":"error","message":"Time slot availability check failed","timestamp":"2024-12-29 23:14:51"}
{"error":"Service type is required","level":"error","message":"Failed to retrieve available slots","timestamp":"2024-12-29 23:14:56"}
{"error":"Request failed with status code 401","level":"error","location":"Santa Cruz","message":"Failed to retrieve weather data","timestamp":"2024-12-29 23:14:56"}
{"error":"Service type is required","level":"error","message":"Failed to retrieve available slots","timestamp":"2024-12-29 23:14:56"}
{"error":"Request failed with status code 401","level":"error","location":"Santa Cruz","message":"Failed to retrieve weather data","timestamp":"2024-12-29 23:14:56"}
{"error":"Unsupported service type: undefined","level":"error","message":"Time slot availability check failed","timestamp":"2024-12-29 23:15:11"}
{"date":"2024-12-29T08:00:00.000Z","error":"Invalid booking date","level":"error","message":"Time slot availability check failed","serviceType":"Basic Wash","time":"08:00","timestamp":"2024-12-29 23:19:03"}
{"date":"2024-12-30T07:19:03.583Z","error":"Invalid booking date","level":"error","message":"Failed to retrieve available slots","timestamp":"2024-12-29 23:19:03"}
{"error":"Request failed with status code 401","level":"error","location":"Santa Cruz","message":"Failed to retrieve weather data","timestamp":"2024-12-29 23:19:03"}
{"date":"2024-12-29T08:00:00.000Z","error":"Invalid booking date","level":"error","message":"Time slot availability check failed","serviceType":"Basic Wash","time":"08:00","timestamp":"2024-12-29 23:19:03"}
{"date":"2024-12-30T07:19:03.583Z","error":"Invalid booking date","level":"error","message":"Failed to retrieve available slots","timestamp":"2024-12-29 23:19:03"}
{"error":"Request failed with status code 401","level":"error","location":"Santa Cruz","message":"Failed to retrieve weather data","timestamp":"2024-12-29 23:19:04"}
{"date":"2024-12-29T08:00:00.000Z","error":"Invalid booking date","level":"error","message":"Time slot availability check failed","serviceType":"Basic Wash","time":"08:00","timestamp":"2024-12-29 23:19:47"}
{"date":"2024-12-30T07:19:47.689Z","error":"Invalid booking date","level":"error","message":"Failed to retrieve available slots","timestamp":"2024-12-29 23:19:47"}
{"date":"2024-12-29T08:00:00.000Z","error":"Invalid booking date","level":"error","message":"Time slot availability check failed","serviceType":"Basic Wash","time":"08:00","timestamp":"2024-12-29 23:19:48"}
{"date":"2024-12-30T07:19:47.689Z","error":"Invalid booking date","level":"error","message":"Failed to retrieve available slots","timestamp":"2024-12-29 23:19:48"}
{"date":"2024-12-29T08:00:00.000Z","error":"Invalid booking date","level":"error","message":"Time slot availability check failed","serviceType":"Basic Wash","time":"08:00","timestamp":"2024-12-29 23:20:32"}
{"date":"2024-12-30T07:20:30.614Z","error":"Invalid booking date","level":"error","message":"Failed to retrieve available slots","timestamp":"2024-12-29 23:20:32"}
{"date":"2024-12-29T08:00:00.000Z","error":"Invalid booking date","level":"error","message":"Time slot availability check failed","serviceType":"Basic Wash","time":"08:00","timestamp":"2024-12-29 23:20:32"}
{"date":"2024-12-30T07:20:30.614Z","error":"Invalid booking date","level":"error","message":"Failed to retrieve available slots","timestamp":"2024-12-29 23:20:32"}
{"date":"2024-12-30T07:20:52.989Z","error":"Booking requires minimum notice","level":"error","message":"Time slot availability check failed","serviceType":"Basic Wash","time":"08:00","timestamp":"2024-12-29 23:20:52"}
{"date":"2024-12-29T08:00:00.000Z","error":"Booking requires minimum notice","level":"error","message":"Time slot availability check failed","serviceType":"Basic Wash","time":"08:00","timestamp":"2024-12-29 23:22:06"}
{"date":"2024-12-30T07:22:06.663Z","error":"Booking requires minimum notice","level":"error","message":"Failed to retrieve available slots","timestamp":"2024-12-29 23:22:06"}
{"error":"Request failed with status code 401","level":"error","message":"Failed to retrieve weather data","timestamp":"2024-12-29 23:22:06"}
{"date":"2024-12-29T08:00:00.000Z","error":"Booking requires minimum notice","level":"error","message":"Time slot availability check failed","serviceType":"Basic Wash","time":"08:00","timestamp":"2024-12-29 23:22:07"}
{"date":"2024-12-30T07:22:06.663Z","error":"Booking requires minimum notice","level":"error","message":"Failed to retrieve available slots","timestamp":"2024-12-29 23:22:07"}
{"error":"Request failed with status code 401","level":"error","message":"Failed to retrieve weather data","timestamp":"2024-12-29 23:22:07"}
{"date":"2024-12-30T07:22:45.316Z","error":"Booking requires minimum notice","level":"error","message":"Time slot availability check failed","serviceType":"Basic Wash","time":"08:00","timestamp":"2024-12-29 23:22:45"}
{"date":"2024-12-30T07:22:46.741Z","error":"Booking requires minimum notice","level":"error","message":"Time slot availability check failed","serviceType":"Basic Wash","time":"08:00","timestamp":"2024-12-29 23:22:46"}
{"date":"2024-12-30T07:22:46.916Z","error":"Booking requires minimum notice","level":"error","message":"Time slot availability check failed","serviceType":"Basic Wash","time":"08:00","timestamp":"2024-12-29 23:22:46"}
{"date":"2024-12-30T07:22:47.008Z","error":"Booking requires minimum notice","level":"error","message":"Time slot availability check failed","serviceType":"Basic Wash","time":"08:00","timestamp":"2024-12-29 23:22:47"}
{"date":"2024-12-29T08:00:00.000Z","error":"Booking requires minimum notice","level":"error","message":"Time slot availability check failed","serviceType":"Basic Wash","time":"08:00","timestamp":"2024-12-29 23:24:39"}
{"date":"2024-12-30T07:24:39.728Z","error":"Booking requires minimum notice","level":"error","message":"Availability check failed","serviceType":"Basic Wash","timestamp":"2024-12-29 23:24:39"}
{"error":{"cod":401,"message":"Invalid API key. Please see https://openweathermap.org/faq#error401 for more info."},"level":"error","location":"Santa Cruz","message":"Failed to retrieve weather data","status":401,"timestamp":"2024-12-29 23:24:39"}
{"date":"2024-12-29T08:00:00.000Z","error":"Booking requires minimum notice","level":"error","message":"Time slot availability check failed","serviceType":"Basic Wash","time":"08:00","timestamp":"2024-12-29 23:24:39"}
{"date":"2024-12-30T07:24:39.728Z","error":"Booking requires minimum notice","level":"error","message":"Availability check failed","serviceType":"Basic Wash","timestamp":"2024-12-29 23:24:39"}
{"error":{"cod":401,"message":"Invalid API key. Please see https://openweathermap.org/faq#error401 for more info."},"level":"error","location":"Santa Cruz","message":"Failed to retrieve weather data","status":401,"timestamp":"2024-12-29 23:24:40"}
{"date":"2024-12-29T08:00:00.000Z","error":"Booking requires minimum 24 hours notice","level":"error","message":"Time slot availability check failed","serviceType":"Basic Wash","time":"08:00","timestamp":"2024-12-29 23:28:04"}
{"date":"2024-12-30T07:28:04.288Z","error":"Booking requires minimum 24 hours notice","level":"error","message":"Availability check failed","serviceType":"Basic Wash","timestamp":"2024-12-29 23:28:04"}
{"data":{"cod":401,"message":"Invalid API key. Please see https://openweathermap.org/faq#error401 for more info."},"headers":{"access-control-allow-credentials":"true","access-control-allow-methods":"GET, POST","access-control-allow-origin":"*","connection":"close","content-length":"108","content-type":"application/json; charset=utf-8","date":"Mon, 30 Dec 2024 07:28:03 GMT","server":"openresty","x-cache-key":"/data/2.5/weather?q=santa+cruz&units=imperial"},"level":"error","message":"Weather API error","status":401,"timestamp":"2024-12-29 23:28:04"}
{"date":"2024-12-29T08:00:00.000Z","error":"Booking requires minimum 24 hours notice","level":"error","message":"Time slot availability check failed","serviceType":"Basic Wash","time":"08:00","timestamp":"2024-12-29 23:28:04"}
{"date":"2024-12-30T07:28:04.288Z","error":"Booking requires minimum 24 hours notice","level":"error","message":"Availability check failed","serviceType":"Basic Wash","timestamp":"2024-12-29 23:28:04"}
{"data":{"cod":401,"message":"Invalid API key. Please see https://openweathermap.org/faq#error401 for more info."},"headers":{"access-control-allow-credentials":"true","access-control-allow-methods":"GET, POST","access-control-allow-origin":"*","connection":"close","content-length":"108","content-type":"application/json; charset=utf-8","date":"Mon, 30 Dec 2024 07:28:03 GMT","server":"openresty","x-cache-key":"/data/2.5/weather?q=santa+cruz&units=imperial"},"level":"error","message":"Weather API error","status":401,"timestamp":"2024-12-29 23:28:04"}
{"date":"2024-12-30T07:28:45.284Z","error":"Booking requires minimum 24 hours notice","level":"error","message":"Time slot availability check failed","serviceType":"Basic Wash","time":"08:00","timestamp":"2024-12-29 23:28:45"}
{"date":"2024-12-29T08:00:00.000Z","error":"Booking requires minimum 24 hours notice","level":"error","message":"Time slot availability check failed","serviceType":"Basic Wash","time":"08:00","timestamp":"2024-12-29 23:28:58"}
{"date":"2024-12-30T07:28:56.216Z","error":"Booking requires minimum 24 hours notice","level":"error","message":"Availability check failed","serviceType":"Basic Wash","timestamp":"2024-12-29 23:28:58"}
{"data":{"cod":401,"message":"Invalid API key. Please see https://openweathermap.org/faq#error401 for more info."},"headers":{"access-control-allow-credentials":"true","access-control-allow-methods":"GET, POST","access-control-allow-origin":"*","connection":"close","content-length":"108","content-type":"application/json; charset=utf-8","date":"Mon, 30 Dec 2024 07:28:57 GMT","server":"openresty","x-cache-key":"/data/2.5/weather?q=santa+cruz&units=imperial"},"level":"error","message":"Weather API error","status":401,"timestamp":"2024-12-29 23:28:58"}
{"date":"2024-12-31T08:00:00.000Z","error":"this.countDailyBookings is not a function","level":"error","message":"Time slot availability check failed","serviceType":"Basic Wash","time":"08:00","timestamp":"2024-12-29 23:28:59"}
{"date":"2024-12-31T08:00:00.000Z","error":"this.countDailyBookings is not a function","level":"error","message":"Availability check failed","serviceType":"Basic Wash","timestamp":"2024-12-29 23:28:59"}
{"date":"2024-12-30T07:29:12.976Z","error":"Booking requires minimum 24 hours notice","level":"error","message":"Time slot availability check failed","serviceType":"Basic Wash","time":"08:00","timestamp":"2024-12-29 23:29:12"}
{"date":"2024-12-29T08:00:00.000Z","error":"Booking requires minimum 24 hours notice","level":"error","message":"Time slot availability check failed","serviceType":"Basic Wash","time":"08:00","timestamp":"2024-12-29 23:29:25"}
{"date":"2024-12-30T07:29:25.038Z","error":"Booking requires minimum 24 hours notice","level":"error","message":"Availability check failed","serviceType":"Basic Wash","timestamp":"2024-12-29 23:29:25"}
{"error":"Cannot read properties of undefined (reading 'restrictions')","level":"error","message":"Unexpected error in booking availability route","stack":"TypeError: Cannot read properties of undefined (reading 'restrictions')\n    at C:\\Users\\Darius\\Documents\\precisiondetail\\precision-detailing-website\\server\\routes\\bookingRoutes.js:93:71\n    at process.processTicksAndRejections (node:internal/process/task_queues:95:5)","timestamp":"2024-12-29 23:29:25"}
{"data":{"cod":401,"message":"Invalid API key. Please see https://openweathermap.org/faq#error401 for more info."},"headers":{"access-control-allow-credentials":"true","access-control-allow-methods":"GET, POST","access-control-allow-origin":"*","connection":"close","content-length":"108","content-type":"application/json; charset=utf-8","date":"Mon, 30 Dec 2024 07:29:24 GMT","server":"openresty","x-cache-key":"/data/2.5/weather?q=santa+cruz&units=imperial"},"level":"error","message":"Weather API error","status":401,"timestamp":"2024-12-29 23:29:25"}
{"date":"2024-12-29T08:00:00.000Z","error":"Booking requires minimum 24 hours notice","level":"error","message":"Time slot availability check failed","serviceType":"Basic Wash","time":"08:00","timestamp":"2024-12-29 23:29:25"}
{"date":"2024-12-30T07:29:25.038Z","error":"Booking requires minimum 24 hours notice","level":"error","message":"Availability check failed","serviceType":"Basic Wash","timestamp":"2024-12-29 23:29:25"}
{"error":"Cannot read properties of undefined (reading 'restrictions')","level":"error","message":"Unexpected error in booking availability route","stack":"TypeError: Cannot read properties of undefined (reading 'restrictions')\n    at C:\\Users\\Darius\\Documents\\precisiondetail\\precision-detailing-website\\server\\routes\\bookingRoutes.js:93:71\n    at process.processTicksAndRejections (node:internal/process/task_queues:95:5)","timestamp":"2024-12-29 23:29:25"}
{"data":{"cod":401,"message":"Invalid API key. Please see https://openweathermap.org/faq#error401 for more info."},"headers":{"access-control-allow-credentials":"true","access-control-allow-methods":"GET, POST","access-control-allow-origin":"*","connection":"close","content-length":"108","content-type":"application/json; charset=utf-8","date":"Mon, 30 Dec 2024 07:29:24 GMT","server":"openresty","x-cache-key":"/data/2.5/weather?q=santa+cruz&units=imperial"},"level":"error","message":"Weather API error","status":401,"timestamp":"2024-12-29 23:29:25"}
{"date":"2024-12-30T07:31:53.931Z","error":"Cannot read properties of undefined (reading 'restrictions')","level":"error","message":"Availability check failed","serviceType":"Basic Wash","timestamp":"2024-12-29 23:31:53"}
{"date":"2024-12-30T07:31:53.931Z","error":"Cannot read properties of undefined (reading 'restrictions')","level":"error","message":"Availability check failed","serviceType":"Basic Wash","timestamp":"2024-12-29 23:31:53"}
{"date":"2024-12-30T07:31:53.931Z","error":"Cannot read properties of undefined (reading 'restrictions')","level":"error","message":"Availability check failed","serviceType":"Basic Wash","timestamp":"2024-12-29 23:31:53"}
{"date":"2024-12-30T07:31:53.931Z","error":"Cannot read properties of undefined (reading 'restrictions')","level":"error","message":"Availability check failed","serviceType":"Basic Wash","timestamp":"2024-12-29 23:31:53"}
{"data":{"cod":401,"message":"Invalid API key. Please see https://openweathermap.org/faq#error401 for more info."},"headers":{"access-control-allow-credentials":"true","access-control-allow-methods":"GET, POST","access-control-allow-origin":"*","connection":"close","content-length":"108","content-type":"application/json; charset=utf-8","date":"Mon, 30 Dec 2024 07:31:53 GMT","server":"openresty","x-cache-key":"/data/2.5/weather?q=santa+cruz&units=imperial"},"level":"error","message":"Weather API error","status":401,"timestamp":"2024-12-29 23:31:54"}
{"data":{"cod":401,"message":"Invalid API key. Please see https://openweathermap.org/faq#error401 for more info."},"headers":{"access-control-allow-credentials":"true","access-control-allow-methods":"GET, POST","access-control-allow-origin":"*","connection":"close","content-length":"108","content-type":"application/json; charset=utf-8","date":"Mon, 30 Dec 2024 07:31:53 GMT","server":"openresty","x-cache-key":"/data/2.5/weather?q=santa+cruz&units=imperial"},"level":"error","message":"Weather API error","status":401,"timestamp":"2024-12-29 23:31:54"}
{"date":"2024-12-30T07:32:00.851Z","error":"Cannot read properties of undefined (reading 'restrictions')","level":"error","message":"Availability check failed","serviceType":"Basic Wash","timestamp":"2024-12-29 23:32:00"}
{"date":"2024-12-30T07:32:00.851Z","error":"Cannot read properties of undefined (reading 'restrictions')","level":"error","message":"Availability check failed","serviceType":"Basic Wash","timestamp":"2024-12-29 23:32:00"}
{"date":"2024-12-30T07:32:00.851Z","error":"Cannot read properties of undefined (reading 'restrictions')","level":"error","message":"Availability check failed","serviceType":"Basic Wash","timestamp":"2024-12-29 23:32:01"}
{"date":"2024-12-30T07:32:00.851Z","error":"Cannot read properties of undefined (reading 'restrictions')","level":"error","message":"Availability check failed","serviceType":"Basic Wash","timestamp":"2024-12-29 23:32:01"}
{"data":{"cod":401,"message":"Invalid API key. Please see https://openweathermap.org/faq#error401 for more info."},"headers":{"access-control-allow-credentials":"true","access-control-allow-methods":"GET, POST","access-control-allow-origin":"*","connection":"close","content-length":"108","content-type":"application/json; charset=utf-8","date":"Mon, 30 Dec 2024 07:32:00 GMT","server":"openresty","x-cache-key":"/data/2.5/weather?q=santa+cruz&units=imperial"},"level":"error","message":"Weather API error","status":401,"timestamp":"2024-12-29 23:32:01"}
{"data":{"cod":401,"message":"Invalid API key. Please see https://openweathermap.org/faq#error401 for more info."},"headers":{"access-control-allow-credentials":"true","access-control-allow-methods":"GET, POST","access-control-allow-origin":"*","connection":"close","content-length":"108","content-type":"application/json; charset=utf-8","date":"Mon, 30 Dec 2024 07:32:00 GMT","server":"openresty","x-cache-key":"/data/2.5/weather?q=santa+cruz&units=imperial"},"level":"error","message":"Weather API error","status":401,"timestamp":"2024-12-29 23:32:01"}
{"date":"2024-12-30T07:32:00.851Z","error":"Cannot read properties of undefined (reading 'restrictions')","level":"error","message":"Availability check failed","serviceType":"Basic Wash","timestamp":"2024-12-29 23:32:02"}
{"date":"2024-12-30T07:32:00.851Z","error":"Cannot read properties of undefined (reading 'restrictions')","level":"error","message":"Availability check failed","serviceType":"Basic Wash","timestamp":"2024-12-29 23:32:02"}
{"date":"2024-12-30T08:00:00.000Z","error":"Cannot read properties of undefined (reading 'restrictions')","level":"error","message":"Availability check failed","serviceType":"Basic Wash","timestamp":"2024-12-29 23:32:02"}
{"date":"2024-12-30T08:00:00.000Z","error":"Cannot read properties of undefined (reading 'restrictions')","level":"error","message":"Availability check failed","serviceType":"Basic Wash","timestamp":"2024-12-29 23:32:02"}
{"data":{"cod":401,"message":"Invalid API key. Please see https://openweathermap.org/faq#error401 for more info."},"headers":{"access-control-allow-credentials":"true","access-control-allow-methods":"GET, POST","access-control-allow-origin":"*","connection":"close","content-length":"108","content-type":"application/json; charset=utf-8","date":"Mon, 30 Dec 2024 07:32:01 GMT","server":"openresty","x-cache-key":"/data/2.5/weather?q=santa+cruz&units=imperial"},"level":"error","message":"Weather API error","status":401,"timestamp":"2024-12-29 23:32:02"}
{"date":"2024-12-30T08:00:00.000Z","error":"Cannot read properties of undefined (reading 'restrictions')","level":"error","message":"Availability check failed","serviceType":"Basic Wash","timestamp":"2024-12-29 23:32:04"}
{"date":"2024-12-30T08:00:00.000Z","error":"Cannot read properties of undefined (reading 'restrictions')","level":"error","message":"Availability check failed","serviceType":"Basic Wash","timestamp":"2024-12-29 23:32:04"}
{"date":"2025-01-01T08:00:00.000Z","error":"Cannot read properties of undefined (reading 'restrictions')","level":"error","message":"Availability check failed","serviceType":"Basic Wash","timestamp":"2024-12-29 23:32:04"}
{"date":"2025-01-01T08:00:00.000Z","error":"Cannot read properties of undefined (reading 'restrictions')","level":"error","message":"Availability check failed","serviceType":"Basic Wash","timestamp":"2024-12-29 23:32:04"}
{"data":{"cod":401,"message":"Invalid API key. Please see https://openweathermap.org/faq#error401 for more info."},"headers":{"access-control-allow-credentials":"true","access-control-allow-methods":"GET, POST","access-control-allow-origin":"*","connection":"close","content-length":"108","content-type":"application/json; charset=utf-8","date":"Mon, 30 Dec 2024 07:32:03 GMT","server":"openresty","x-cache-key":"/data/2.5/weather?q=santa+cruz&units=imperial"},"level":"error","message":"Weather API error","status":401,"timestamp":"2024-12-29 23:32:04"}
{"date":"2024-12-30T07:33:37.810Z","error":"Booking requires minimum 24 hours notice","level":"error","message":"Availability check failed","serviceType":"Basic Wash","timestamp":"2024-12-29 23:33:37"}
{"date":"2024-12-30T07:33:37.810Z","error":"Booking requires minimum 24 hours notice","level":"error","message":"Availability check failed","serviceType":"Basic Wash","timestamp":"2024-12-29 23:33:37"}
{"date":"2024-12-30T07:33:37.810Z","error":"Booking requires minimum 24 hours notice","level":"error","message":"Availability check failed","serviceType":"Basic Wash","timestamp":"2024-12-29 23:33:37"}
{"date":"2024-12-30T07:33:37.810Z","error":"Booking requires minimum 24 hours notice","level":"error","message":"Availability check failed","serviceType":"Basic Wash","timestamp":"2024-12-29 23:33:37"}
{"data":{"cod":401,"message":"Invalid API key. Please see https://openweathermap.org/faq#error401 for more info."},"headers":{"access-control-allow-credentials":"true","access-control-allow-methods":"GET, POST","access-control-allow-origin":"*","connection":"close","content-length":"108","content-type":"application/json; charset=utf-8","date":"Mon, 30 Dec 2024 07:33:36 GMT","server":"openresty","x-cache-key":"/data/2.5/weather?q=santa+cruz&units=imperial"},"level":"error","message":"Weather API error","status":401,"timestamp":"2024-12-29 23:33:37"}
{"data":{"cod":401,"message":"Invalid API key. Please see https://openweathermap.org/faq#error401 for more info."},"headers":{"access-control-allow-credentials":"true","access-control-allow-methods":"GET, POST","access-control-allow-origin":"*","connection":"close","content-length":"108","content-type":"application/json; charset=utf-8","date":"Mon, 30 Dec 2024 07:33:37 GMT","server":"openresty","x-cache-key":"/data/2.5/weather?q=santa+cruz&units=imperial"},"level":"error","message":"Weather API error","status":401,"timestamp":"2024-12-29 23:33:38"}
{"date":"2024-12-30T07:33:37.810Z","error":"Booking requires minimum 24 hours notice","level":"error","message":"Availability check failed","serviceType":"Basic Wash","timestamp":"2024-12-29 23:33:40"}
{"date":"2024-12-30T07:33:37.810Z","error":"Booking requires minimum 24 hours notice","level":"error","message":"Availability check failed","serviceType":"Basic Wash","timestamp":"2024-12-29 23:33:40"}
{"data":{"cod":401,"message":"Invalid API key. Please see https://openweathermap.org/faq#error401 for more info."},"headers":{"access-control-allow-credentials":"true","access-control-allow-methods":"GET, POST","access-control-allow-origin":"*","connection":"close","content-length":"108","content-type":"application/json; charset=utf-8","date":"Mon, 30 Dec 2024 07:33:39 GMT","server":"openresty","x-cache-key":"/data/2.5/weather?q=santa+cruz&units=imperial"},"level":"error","message":"Weather API error","status":401,"timestamp":"2024-12-29 23:33:40"}
{"data":{"cod":401,"message":"Invalid API key. Please see https://openweathermap.org/faq#error401 for more info."},"headers":{"access-control-allow-credentials":"true","access-control-allow-methods":"GET, POST","access-control-allow-origin":"*","connection":"close","content-length":"108","content-type":"application/json; charset=utf-8","date":"Mon, 30 Dec 2024 07:33:41 GMT","server":"openresty","x-cache-key":"/data/2.5/weather?q=santa+cruz&units=imperial"},"level":"error","message":"Weather API error","status":401,"timestamp":"2024-12-29 23:33:42"}
{"date":"2024-12-29T08:00:00.000Z","error":"Booking requires minimum 24 hours notice","level":"error","message":"Availability check failed","serviceType":"Basic Wash","timestamp":"2024-12-29 23:33:43"}
{"date":"2024-12-29T08:00:00.000Z","error":"Booking requires minimum 24 hours notice","level":"error","message":"Availability check failed","serviceType":"Basic Wash","timestamp":"2024-12-29 23:33:43"}
{"data":{"cod":401,"message":"Invalid API key. Please see https://openweathermap.org/faq#error401 for more info."},"headers":{"access-control-allow-credentials":"true","access-control-allow-methods":"GET, POST","access-control-allow-origin":"*","connection":"close","content-length":"108","content-type":"application/json; charset=utf-8","date":"Mon, 30 Dec 2024 07:33:42 GMT","server":"openresty","x-cache-key":"/data/2.5/weather?q=santa+cruz&units=imperial"},"level":"error","message":"Weather API error","status":401,"timestamp":"2024-12-29 23:33:43"}
{"date":"2024-12-29T08:00:00.000Z","error":"Booking requires minimum 24 hours notice","level":"error","message":"Availability check failed","serviceType":"Basic Wash","timestamp":"2024-12-29 23:33:44"}
{"date":"2024-12-29T08:00:00.000Z","error":"Booking requires minimum 24 hours notice","level":"error","message":"Availability check failed","serviceType":"Basic Wash","timestamp":"2024-12-29 23:33:44"}
{"date":"2024-12-30T08:00:00.000Z","error":"Booking requires minimum 24 hours notice","level":"error","message":"Availability check failed","serviceType":"Basic Wash","timestamp":"2024-12-29 23:33:44"}
{"date":"2024-12-30T08:00:00.000Z","error":"Booking requires minimum 24 hours notice","level":"error","message":"Availability check failed","serviceType":"Basic Wash","timestamp":"2024-12-29 23:33:44"}
{"data":{"cod":401,"message":"Invalid API key. Please see https://openweathermap.org/faq#error401 for more info."},"headers":{"access-control-allow-credentials":"true","access-control-allow-methods":"GET, POST","access-control-allow-origin":"*","connection":"close","content-length":"108","content-type":"application/json; charset=utf-8","date":"Mon, 30 Dec 2024 07:33:43 GMT","server":"openresty","x-cache-key":"/data/2.5/weather?q=santa+cruz&units=imperial"},"level":"error","message":"Weather API error","status":401,"timestamp":"2024-12-29 23:33:44"}
{"date":"2024-12-30T08:00:00.000Z","error":"Booking requires minimum 24 hours notice","level":"error","message":"Availability check failed","serviceType":"Basic Wash","timestamp":"2024-12-29 23:33:44"}
{"date":"2024-12-30T08:00:00.000Z","error":"Booking requires minimum 24 hours notice","level":"error","message":"Availability check failed","serviceType":"Basic Wash","timestamp":"2024-12-29 23:33:44"}
{"data":{"cod":401,"message":"Invalid API key. Please see https://openweathermap.org/faq#error401 for more info."},"headers":{"access-control-allow-credentials":"true","access-control-allow-methods":"GET, POST","access-control-allow-origin":"*","connection":"close","content-length":"108","content-type":"application/json; charset=utf-8","date":"Mon, 30 Dec 2024 07:33:44 GMT","server":"openresty","x-cache-key":"/data/2.5/weather?q=santa+cruz&units=imperial"},"level":"error","message":"Weather API error","status":401,"timestamp":"2024-12-29 23:33:45"}
{"data":{"cod":401,"message":"Invalid API key. Please see https://openweathermap.org/faq#error401 for more info."},"headers":{"access-control-allow-credentials":"true","access-control-allow-methods":"GET, POST","access-control-allow-origin":"*","connection":"close","content-length":"108","content-type":"application/json; charset=utf-8","date":"Mon, 30 Dec 2024 07:33:45 GMT","server":"openresty","x-cache-key":"/data/2.5/weather?q=santa+cruz&units=imperial"},"level":"error","message":"Weather API error","status":401,"timestamp":"2024-12-29 23:33:46"}
{"date":"2024-12-30T07:36:05.703Z","error":"BookingTimeService.getAvailableSlots is not a function","level":"error","message":"Availability check failed","serviceType":"Basic Wash","timestamp":"2024-12-29 23:36:05"}
{"date":"2024-12-30T07:36:05.703Z","error":"BookingTimeService.getAvailableSlots is not a function","level":"error","message":"Availability check failed","serviceType":"Basic Wash","timestamp":"2024-12-29 23:36:05"}
{"date":"2024-12-30T07:36:05.703Z","error":"BookingTimeService.getAvailableSlots is not a function","level":"error","message":"Availability check failed","serviceType":"Basic Wash","timestamp":"2024-12-29 23:36:06"}
{"date":"2025-01-01T08:00:00.000Z","error":"BookingTimeService.getAvailableSlots is not a function","level":"error","message":"Availability check failed","serviceType":"Basic Wash","timestamp":"2024-12-29 23:36:07"}
{"date":"2025-01-01T08:00:00.000Z","error":"BookingTimeService.getAvailableSlots is not a function","level":"error","message":"Availability check failed","serviceType":"Basic Wash","timestamp":"2024-12-29 23:36:08"}
{"date":"2024-12-29T08:00:00.000Z","error":"BookingTimeService.getAvailableSlots is not a function","level":"error","message":"Availability check failed","serviceType":"Basic Wash","timestamp":"2024-12-29 23:36:08"}
{"date":"2024-12-29T08:00:00.000Z","error":"BookingTimeService.getAvailableSlots is not a function","level":"error","message":"Availability check failed","serviceType":"Basic Wash","timestamp":"2024-12-29 23:36:10"}
{"date":"2024-12-30T08:00:00.000Z","error":"BookingTimeService.getAvailableSlots is not a function","level":"error","message":"Availability check failed","serviceType":"Basic Wash","timestamp":"2024-12-29 23:36:10"}
{"date":"2024-12-30T08:00:00.000Z","error":"BookingTimeService.getAvailableSlots is not a function","level":"error","message":"Availability check failed","serviceType":"Basic Wash","timestamp":"2024-12-29 23:36:11"}
{"date":"2024-12-31T08:00:00.000Z","error":"BookingTimeService.getAvailableSlots is not a function","level":"error","message":"Availability check failed","serviceType":"Basic Wash","timestamp":"2024-12-29 23:36:11"}
{"date":"2024-12-30T07:47:06.100Z","error":"Booking requires minimum 24 hours notice","level":"error","message":"Availability check failed","serviceType":"Basic Wash","timestamp":"2024-12-29 23:47:06"}
{"date":"2024-12-30T07:47:06.100Z","error":"Booking requires minimum 24 hours notice","level":"error","message":"Availability check failed","serviceType":"Basic Wash","timestamp":"2024-12-29 23:47:06"}
{"date":"2024-12-30T07:47:06.100Z","error":"Booking requires minimum 24 hours notice","level":"error","message":"Availability check failed","serviceType":"Basic Wash","timestamp":"2024-12-29 23:47:06"}
{"date":"2024-12-30T07:47:06.100Z","error":"Booking requires minimum 24 hours notice","level":"error","message":"Availability check failed","serviceType":"Basic Wash","timestamp":"2024-12-29 23:47:06"}
{"date":"2024-12-30T07:47:26.813Z","error":"Booking requires minimum 24 hours notice","level":"error","message":"Availability check failed","serviceType":"Basic Wash","timestamp":"2024-12-29 23:47:26"}
{"date":"2024-12-30T07:47:26.813Z","error":"Booking requires minimum 24 hours notice","level":"error","message":"Availability check failed","serviceType":"Basic Wash","timestamp":"2024-12-29 23:47:26"}
{"date":"2024-12-30T07:47:26.813Z","error":"Booking requires minimum 24 hours notice","level":"error","message":"Availability check failed","serviceType":"Basic Wash","timestamp":"2024-12-29 23:47:27"}
{"date":"2024-12-30T07:47:26.813Z","error":"Booking requires minimum 24 hours notice","level":"error","message":"Availability check failed","serviceType":"Basic Wash","timestamp":"2024-12-29 23:47:27"}
{"date":"2024-12-30T07:47:26.813Z","error":"Booking requires minimum 24 hours notice","level":"error","message":"Availability check failed","serviceType":"Basic Wash","timestamp":"2024-12-29 23:47:27"}
{"date":"2024-12-30T07:47:26.813Z","error":"Booking requires minimum 24 hours notice","level":"error","message":"Availability check failed","serviceType":"Basic Wash","timestamp":"2024-12-29 23:47:27"}
{"date":"2024-12-30T08:00:00.000Z","error":"Booking requires minimum 24 hours notice","level":"error","message":"Availability check failed","serviceType":"Basic Wash","timestamp":"2024-12-29 23:47:30"}
{"date":"2024-12-30T08:00:00.000Z","error":"Booking requires minimum 24 hours notice","level":"error","message":"Availability check failed","serviceType":"Basic Wash","timestamp":"2024-12-29 23:47:30"}
{"date":"2024-12-30T08:00:00.000Z","error":"Booking requires minimum 24 hours notice","level":"error","message":"Availability check failed","serviceType":"Basic Wash","timestamp":"2024-12-29 23:47:31"}
{"date":"2024-12-30T08:00:00.000Z","error":"Booking requires minimum 24 hours notice","level":"error","message":"Availability check failed","serviceType":"Basic Wash","timestamp":"2024-12-29 23:47:31"}
{"date":"2024-12-30T08:00:00.000Z","error":"Booking requires minimum 24 hours notice","level":"error","message":"Availability check failed","serviceType":"Basic Wash","timestamp":"2024-12-29 23:47:36"}
{"date":"2024-12-30T08:00:00.000Z","error":"Booking requires minimum 24 hours notice","level":"error","message":"Availability check failed","serviceType":"Basic Wash","timestamp":"2024-12-29 23:47:36"}
