2024-12-29 03:50:29 [ERROR]: Server startup error listen EADDRINUSE: address already in use :::5000
Error: listen EADDRINUSE: address already in use :::5000
    at Server.setupListenHandle [as _listen2] (node:net:1817:16)
    at listenInCluster (node:net:1865:12)
    at Server.listen (node:net:1953:7)
    at C:\Users\Darius\Documents\precisiondetail\precision-detailing-website\server\server.js:553:43
    at new Promise (<anonymous>)
    at startServer (C:\Users\Darius\Documents\precisiondetail\precision-detailing-website\server\server.js:552:16)
    at process.processTicksAndRejections (node:internal/process/task_queues:95:5)
2024-12-29 04:29:22 [ERROR]: unhandledRejection: logger.error is not a function
TypeError: logger.error is not a function
    at C:\Users\Darius\Documents\precisiondetail\precision-detailing-website\server\routes\contactRoutes.js:96:16
    at Layer.handle [as handle_request] (C:\Users\Darius\Documents\precisiondetail\precision-detailing-website\node_modules\express\lib\router\layer.js:95:5)
    at next (C:\Users\Darius\Documents\precisiondetail\precision-detailing-website\node_modules\express\lib\router\route.js:149:13)
    at middleware (C:\Users\Darius\Documents\precisiondetail\precision-detailing-website\node_modules\express-validator\lib\middlewares\check.js:16:13)
TypeError: logger.error is not a function
    at C:\Users\Darius\Documents\precisiondetail\precision-detailing-website\server\routes\contactRoutes.js:96:16
    at Layer.handle [as handle_request] (C:\Users\Darius\Documents\precisiondetail\precision-detailing-website\node_modules\express\lib\router\layer.js:95:5)
    at next (C:\Users\Darius\Documents\precisiondetail\precision-detailing-website\node_modules\express\lib\router\route.js:149:13)
    at middleware (C:\Users\Darius\Documents\precisiondetail\precision-detailing-website\node_modules\express-validator\lib\middlewares\check.js:16:13)
2024-12-29 04:29:22 [ERROR]: Unhandled Rejection
2024-12-29T12:29:22.981Z [ERROR]: Immediate Unhandled Rejection
TypeError: logger.error is not a function
    at C:\Users\Darius\Documents\precisiondetail\precision-detailing-website\server\routes\contactRoutes.js:96:16
    at Layer.handle [as handle_request] (C:\Users\Darius\Documents\precisiondetail\precision-detailing-website\node_modules\express\lib\router\layer.js:95:5)
    at next (C:\Users\Darius\Documents\precisiondetail\precision-detailing-website\node_modules\express\lib\router\route.js:149:13)
    at middleware (C:\Users\Darius\Documents\precisiondetail\precision-detailing-website\node_modules\express-validator\lib\middlewares\check.js:16:13)
2024-12-29T12:29:22.984Z [ERROR]: Unhandled Rejection
TypeError: logger.error is not a function
    at C:\Users\Darius\Documents\precisiondetail\precision-detailing-website\server\routes\contactRoutes.js:96:16
    at Layer.handle [as handle_request] (C:\Users\Darius\Documents\precisiondetail\precision-detailing-website\node_modules\express\lib\router\layer.js:95:5)
    at next (C:\Users\Darius\Documents\precisiondetail\precision-detailing-website\node_modules\express\lib\router\route.js:149:13)
    at middleware (C:\Users\Darius\Documents\precisiondetail\precision-detailing-website\node_modules\express-validator\lib\middlewares\check.js:16:13)
2024-12-29 05:15:11 [ERROR]: Server startup error listen EADDRINUSE: address already in use :::5001
Error: listen EADDRINUSE: address already in use :::5001
    at Server.setupListenHandle [as _listen2] (node:net:1817:16)
    at listenInCluster (node:net:1865:12)
    at Server.listen (node:net:1953:7)
    at C:\Users\Darius\Documents\precisiondetail\precision-detailing-website\server\server.js:490:43
    at new Promise (<anonymous>)
    at startServer (C:\Users\Darius\Documents\precisiondetail\precision-detailing-website\server\server.js:489:16)
    at process.processTicksAndRejections (node:internal/process/task_queues:95:5)
2024-12-29 05:35:15 [ERROR]: Server startup error listen EADDRINUSE: address already in use :::5001
Error: listen EADDRINUSE: address already in use :::5001
    at Server.setupListenHandle [as _listen2] (node:net:1817:16)
    at listenInCluster (node:net:1865:12)
    at Server.listen (node:net:1953:7)
    at C:\Users\Darius\Documents\precisiondetail\precision-detailing-website\server\server.js:490:43
    at new Promise (<anonymous>)
    at startServer (C:\Users\Darius\Documents\precisiondetail\precision-detailing-website\server\server.js:489:16)
    at process.processTicksAndRejections (node:internal/process/task_queues:95:5)
2024-12-29 13:11:55 [ERROR]: Server startup error listen EADDRINUSE: address already in use :::5001
Error: listen EADDRINUSE: address already in use :::5001
    at Server.setupListenHandle [as _listen2] (node:net:1817:16)
    at listenInCluster (node:net:1865:12)
    at Server.listen (node:net:1953:7)
    at C:\Users\Darius\Documents\precisiondetail\precision-detailing-website\server\server.js:490:43
    at new Promise (<anonymous>)
    at startServer (C:\Users\Darius\Documents\precisiondetail\precision-detailing-website\server\server.js:489:16)
    at process.processTicksAndRejections (node:internal/process/task_queues:95:5)
2024-12-29 13:22:23 [ERROR]: Server startup error listen EADDRINUSE: address already in use :::5001
Error: listen EADDRINUSE: address already in use :::5001
    at Server.setupListenHandle [as _listen2] (node:net:1817:16)
    at listenInCluster (node:net:1865:12)
    at Server.listen (node:net:1953:7)
    at C:\Users\Darius\Documents\precisiondetail\precision-detailing-website\server\server.js:490:43
    at new Promise (<anonymous>)
    at startServer (C:\Users\Darius\Documents\precisiondetail\precision-detailing-website\server\server.js:489:16)
    at process.processTicksAndRejections (node:internal/process/task_queues:95:5)
2024-12-29 21:38:30 [ERROR]: Server startup error listen EADDRINUSE: address already in use :::5001
Error: listen EADDRINUSE: address already in use :::5001
    at Server.setupListenHandle [as _listen2] (node:net:1817:16)
    at listenInCluster (node:net:1865:12)
    at Server.listen (node:net:1953:7)
    at C:\Users\Darius\Documents\precisiondetail\precision-detailing-website\server\server.js:490:43
    at new Promise (<anonymous>)
    at startServer (C:\Users\Darius\Documents\precisiondetail\precision-detailing-website\server\server.js:489:16)
    at process.processTicksAndRejections (node:internal/process/task_queues:95:5)
2024-12-29 22:36:09 [ERROR]: Server startup error listen EADDRINUSE: address already in use :::5001
Error: listen EADDRINUSE: address already in use :::5001
    at Server.setupListenHandle [as _listen2] (node:net:1817:16)
    at listenInCluster (node:net:1865:12)
    at Server.listen (node:net:1953:7)
    at C:\Users\Darius\Documents\precisiondetail\precision-detailing-website\server\server.js:490:43
    at new Promise (<anonymous>)
    at startServer (C:\Users\Darius\Documents\precisiondetail\precision-detailing-website\server\server.js:489:16)
    at process.processTicksAndRejections (node:internal/process/task_queues:95:5)
2024-12-30T07:16:28.501Z [ERROR]: Server startup error
2024-12-30 12:38:29 [ERROR]: unhandledRejection: Booking requires minimum 4 hours notice
Error: Booking requires minimum 4 hours notice
    at BookingTimeService.validateDateTime (C:\Users\Darius\Documents\precisiondetail\precision-detailing-website\server\services\bookingTimeService.js:136:19)
    at process.processTicksAndRejections (node:internal/process/task_queues:95:5)
Error: Booking requires minimum 4 hours notice
    at BookingTimeService.validateDateTime (C:\Users\Darius\Documents\precisiondetail\precision-detailing-website\server\services\bookingTimeService.js:136:19)
    at process.processTicksAndRejections (node:internal/process/task_queues:95:5)
